<?xml version="1.0" encoding="UTF-8"?>
<testsuite name="com.hyntato.blog.UserRepositoryTest" tests="3" skipped="0" failures="0" errors="0" timestamp="2022-09-04T06:21:56" hostname="hyeyeonui-MacBookAir.local" time="0.169">
  <properties/>
  <testcase name="findUserById()" classname="com.hyntato.blog.UserRepositoryTest" time="0.079"/>
  <testcase name="findAllUsers()" classname="com.hyntato.blog.UserRepositoryTest" time="0.07"/>
  <testcase name="createUser()" classname="com.hyntato.blog.UserRepositoryTest" time="0.018"/>
  <system-out><![CDATA[15:21:54.682 [Test worker] DEBUG org.springframework.test.context.BootstrapUtils - Instantiating CacheAwareContextLoaderDelegate from class [org.springframework.test.context.cache.DefaultCacheAwareContextLoaderDelegate]
15:21:54.687 [Test worker] DEBUG org.springframework.test.context.BootstrapUtils - Instantiating BootstrapContext using constructor [public org.springframework.test.context.support.DefaultBootstrapContext(java.lang.Class,org.springframework.test.context.CacheAwareContextLoaderDelegate)]
15:21:54.702 [Test worker] DEBUG org.springframework.test.context.BootstrapUtils - Instantiating TestContextBootstrapper for test class [com.hyntato.blog.UserRepositoryTest] from class [org.springframework.boot.test.context.SpringBootTestContextBootstrapper]
15:21:54.707 [Test worker] INFO org.springframework.boot.test.context.SpringBootTestContextBootstrapper - Neither @ContextConfiguration nor @ContextHierarchy found for test class [com.hyntato.blog.UserRepositoryTest], using SpringBootContextLoader
15:21:54.709 [Test worker] DEBUG org.springframework.test.context.support.AbstractContextLoader - Did not detect default resource location for test class [com.hyntato.blog.UserRepositoryTest]: class path resource [com/hyntato/blog/UserRepositoryTest-context.xml] does not exist
15:21:54.710 [Test worker] DEBUG org.springframework.test.context.support.AbstractContextLoader - Did not detect default resource location for test class [com.hyntato.blog.UserRepositoryTest]: class path resource [com/hyntato/blog/UserRepositoryTestContext.groovy] does not exist
15:21:54.710 [Test worker] INFO org.springframework.test.context.support.AbstractContextLoader - Could not detect default resource locations for test class [com.hyntato.blog.UserRepositoryTest]: no resource found for suffixes {-context.xml, Context.groovy}.
15:21:54.710 [Test worker] INFO org.springframework.test.context.support.AnnotationConfigContextLoaderUtils - Could not detect default configuration classes for test class [com.hyntato.blog.UserRepositoryTest]: UserRepositoryTest does not declare any static, non-private, non-final, nested classes annotated with @Configuration.
15:21:54.732 [Test worker] DEBUG org.springframework.test.context.support.ActiveProfilesUtils - Could not find an 'annotation declaring class' for annotation type [org.springframework.test.context.ActiveProfiles] and class [com.hyntato.blog.UserRepositoryTest]
15:21:54.761 [Test worker] DEBUG org.springframework.context.annotation.ClassPathScanningCandidateComponentProvider - Identified candidate component class: file [/Users/hyeyeon/Documents/GitHub/Blog-Advanced/build/classes/java/main/com/hyntato/blog/BlogApplication.class]
15:21:54.761 [Test worker] INFO org.springframework.boot.test.context.SpringBootTestContextBootstrapper - Found @SpringBootConfiguration com.hyntato.blog.BlogApplication for test class com.hyntato.blog.UserRepositoryTest
15:21:54.801 [Test worker] DEBUG org.springframework.boot.test.context.SpringBootTestContextBootstrapper - @TestExecutionListeners is not present for class [com.hyntato.blog.UserRepositoryTest]: using defaults.
15:21:54.801 [Test worker] INFO org.springframework.boot.test.context.SpringBootTestContextBootstrapper - Loaded default TestExecutionListener class names from location [META-INF/spring.factories]: [org.springframework.boot.test.autoconfigure.restdocs.RestDocsTestExecutionListener, org.springframework.boot.test.autoconfigure.web.client.MockRestServiceServerResetTestExecutionListener, org.springframework.boot.test.autoconfigure.web.servlet.MockMvcPrintOnlyOnFailureTestExecutionListener, org.springframework.boot.test.autoconfigure.web.servlet.WebDriverTestExecutionListener, org.springframework.boot.test.autoconfigure.webservices.client.MockWebServiceServerTestExecutionListener, org.springframework.boot.test.mock.mockito.MockitoTestExecutionListener, org.springframework.boot.test.mock.mockito.ResetMocksTestExecutionListener, org.springframework.test.context.web.ServletTestExecutionListener, org.springframework.test.context.support.DirtiesContextBeforeModesTestExecutionListener, org.springframework.test.context.event.ApplicationEventsTestExecutionListener, org.springframework.test.context.support.DependencyInjectionTestExecutionListener, org.springframework.test.context.support.DirtiesContextTestExecutionListener, org.springframework.test.context.transaction.TransactionalTestExecutionListener, org.springframework.test.context.jdbc.SqlScriptsTestExecutionListener, org.springframework.test.context.event.EventPublishingTestExecutionListener]
15:21:54.809 [Test worker] INFO org.springframework.boot.test.context.SpringBootTestContextBootstrapper - Using TestExecutionListeners: [org.springframework.test.context.web.ServletTestExecutionListener@7728643a, org.springframework.test.context.support.DirtiesContextBeforeModesTestExecutionListener@320e400, org.springframework.test.context.event.ApplicationEventsTestExecutionListener@5167268, org.springframework.boot.test.mock.mockito.MockitoTestExecutionListener@1cfd1875, org.springframework.boot.test.autoconfigure.SpringBootDependencyInjectionTestExecutionListener@28c0b664, org.springframework.test.context.support.DirtiesContextTestExecutionListener@2c444798, org.springframework.test.context.transaction.TransactionalTestExecutionListener@1af7f54a, org.springframework.test.context.jdbc.SqlScriptsTestExecutionListener@6ebd78d1, org.springframework.test.context.event.EventPublishingTestExecutionListener@436390f4, org.springframework.boot.test.autoconfigure.restdocs.RestDocsTestExecutionListener@4d157787, org.springframework.boot.test.autoconfigure.web.client.MockRestServiceServerResetTestExecutionListener@68ed96ca, org.springframework.boot.test.autoconfigure.web.servlet.MockMvcPrintOnlyOnFailureTestExecutionListener@6d1310f6, org.springframework.boot.test.autoconfigure.web.servlet.WebDriverTestExecutionListener@3228d990, org.springframework.boot.test.autoconfigure.webservices.client.MockWebServiceServerTestExecutionListener@54e7391d, org.springframework.boot.test.mock.mockito.ResetMocksTestExecutionListener@50b8ae8d]
15:21:54.810 [Test worker] DEBUG org.springframework.test.context.support.AbstractDirtiesContextTestExecutionListener - Before test class: context [DefaultTestContext@10b3df93 testClass = UserRepositoryTest, testInstance = [null], testMethod = [null], testException = [null], mergedContextConfiguration = [WebMergedContextConfiguration@ea27e34 testClass = UserRepositoryTest, locations = '{}', classes = '{class com.hyntato.blog.BlogApplication}', contextInitializerClasses = '[]', activeProfiles = '{}', propertySourceLocations = '{}', propertySourceProperties = '{org.springframework.boot.test.context.SpringBootTestContextBootstrapper=true}', contextCustomizers = set[org.springframework.boot.test.autoconfigure.actuate.metrics.MetricsExportContextCustomizerFactory$DisableMetricExportContextCustomizer@73163d48, org.springframework.boot.test.autoconfigure.properties.PropertyMappingContextCustomizer@0, org.springframework.boot.test.autoconfigure.web.servlet.WebDriverContextCustomizerFactory$Customizer@2a3c96e3, org.springframework.boot.test.context.filter.ExcludeFilterContextCustomizer@a776e, org.springframework.boot.test.json.DuplicateJsonObjectContextCustomizerFactory$DuplicateJsonObjectContextCustomizer@6821ea29, org.springframework.boot.test.mock.mockito.MockitoContextCustomizer@0, org.springframework.boot.test.web.client.TestRestTemplateContextCustomizer@40c80397, org.springframework.boot.test.context.SpringBootTestArgs@1, org.springframework.boot.test.context.SpringBootTestWebEnvironment@3f1d2e23], resourceBasePath = 'src/main/webapp', contextLoader = 'org.springframework.boot.test.context.SpringBootContextLoader', parent = [null]], attributes = map['org.springframework.test.context.web.ServletTestExecutionListener.activateListener' -> true]], class annotated with @DirtiesContext [false] with mode [null].

  .   ____          _            __ _ _
 /\\ / ___'_ __ _ _(_)_ __  __ _ \ \ \ \
( ( )\___ | '_ | '_| | '_ \/ _` | \ \ \ \
 \\/  ___)| |_)| | | | | || (_| |  ) ) ) )
  '  |____| .__|_| |_|_| |_\__, | / / / /
 =========|_|==============|___/=/_/_/_/
 :: Spring Boot ::                (v2.7.3)

2022-09-04 15:21:54.972  INFO 71153 --- [    Test worker] com.hyntato.blog.UserRepositoryTest      : Starting UserRepositoryTest using Java 11.0.16 on hyeyeonui-MacBookAir.local with PID 71153 (started by hyeyeon in /Users/hyeyeon/Documents/GitHub/Blog-Advanced)
2022-09-04 15:21:54.973 DEBUG 71153 --- [    Test worker] com.hyntato.blog.UserRepositoryTest      : Running with Spring Boot v2.7.3, Spring v5.3.22
2022-09-04 15:21:54.973  INFO 71153 --- [    Test worker] com.hyntato.blog.UserRepositoryTest      : No active profile set, falling back to 1 default profile: "default"
2022-09-04 15:21:55.253  INFO 71153 --- [    Test worker] .s.d.r.c.RepositoryConfigurationDelegate : Bootstrapping Spring Data JPA repositories in DEFAULT mode.
2022-09-04 15:21:55.276  INFO 71153 --- [    Test worker] .s.d.r.c.RepositoryConfigurationDelegate : Finished Spring Data repository scanning in 18 ms. Found 2 JPA repository interfaces.
2022-09-04 15:21:55.501  INFO 71153 --- [    Test worker] com.zaxxer.hikari.HikariDataSource       : HikariPool-1 - Starting...
2022-09-04 15:21:55.601  INFO 71153 --- [    Test worker] com.zaxxer.hikari.HikariDataSource       : HikariPool-1 - Start completed.
2022-09-04 15:21:55.703  INFO 71153 --- [    Test worker] o.hibernate.jpa.internal.util.LogHelper  : HHH000204: Processing PersistenceUnitInfo [name: default]
2022-09-04 15:21:55.731  INFO 71153 --- [    Test worker] org.hibernate.Version                    : HHH000412: Hibernate ORM core version 5.6.10.Final
2022-09-04 15:21:55.809  INFO 71153 --- [    Test worker] o.hibernate.annotations.common.Version   : HCANN000001: Hibernate Commons Annotations {5.1.2.Final}
2022-09-04 15:21:55.874  INFO 71153 --- [    Test worker] org.hibernate.dialect.Dialect            : HHH000400: Using dialect: org.hibernate.dialect.MySQL8Dialect
2022-09-04 15:21:56.167  INFO 71153 --- [    Test worker] o.h.e.t.j.p.i.JtaPlatformInitiator       : HHH000490: Using JtaPlatform implementation: [org.hibernate.engine.transaction.jta.platform.internal.NoJtaPlatform]
2022-09-04 15:21:56.170  INFO 71153 --- [    Test worker] j.LocalContainerEntityManagerFactoryBean : Initialized JPA EntityManagerFactory for persistence unit 'default'
2022-09-04 15:21:56.281  WARN 71153 --- [    Test worker] JpaBaseConfiguration$JpaWebConfiguration : spring.jpa.open-in-view is enabled by default. Therefore, database queries may be performed during view rendering. Explicitly configure spring.jpa.open-in-view to disable this warning
2022-09-04 15:21:56.727  INFO 71153 --- [    Test worker] com.hyntato.blog.UserRepositoryTest      : Started UserRepositoryTest in 1.898 seconds (JVM running for 2.482)
Hibernate: select user0_.id as id1_5_0_, user0_.email as email2_5_0_, user0_.name as name3_5_0_ from user user0_ where user0_.id=?
Hibernate: select user0_.id as id1_5_, user0_.email as email2_5_, user0_.name as name3_5_ from user user0_
Hibernate: insert into user (email, name) values (?, ?)
Hibernate: select user0_.id as id1_5_0_, user0_.email as email2_5_0_, user0_.name as name3_5_0_ from user user0_ where user0_.id=?
]]></system-out>
  <system-err><![CDATA[]]></system-err>
</testsuite>
